2025-10-29T00:23:30.809+06:00  INFO 25812 --- [Jugjiggasha] [main] c.j.JugjiggashaApplicationTests          : Starting JugjiggashaApplicationTests using Java 17.0.10 with PID 25812 (started by Abu Bakar in C:\Users\siddi\Microservice\Jugjiggasha)
2025-10-29T00:23:30.815+06:00  INFO 25812 --- [Jugjiggasha] [main] c.j.JugjiggashaApplicationTests          : No active profile set, falling back to 1 default profile: "default"
2025-10-29T00:23:32.495+06:00  INFO 25812 --- [Jugjiggasha] [main] .s.d.r.c.RepositoryConfigurationDelegate : Bootstrapping Spring Data JPA repositories in DEFAULT mode.
2025-10-29T00:23:32.650+06:00  INFO 25812 --- [Jugjiggasha] [main] .s.d.r.c.RepositoryConfigurationDelegate : Finished Spring Data repository scanning in 132 ms. Found 2 JPA repository interfaces.
2025-10-29T00:23:33.620+06:00  INFO 25812 --- [Jugjiggasha] [main] o.hibernate.jpa.internal.util.LogHelper  : HHH000204: Processing PersistenceUnitInfo [name: default]
2025-10-29T00:23:33.768+06:00  INFO 25812 --- [Jugjiggasha] [main] org.hibernate.Version                    : HHH000412: Hibernate ORM core version 6.6.33.Final
2025-10-29T00:23:33.849+06:00  INFO 25812 --- [Jugjiggasha] [main] o.h.c.internal.RegionFactoryInitiator    : HHH000026: Second-level cache disabled
2025-10-29T00:23:34.680+06:00  INFO 25812 --- [Jugjiggasha] [main] o.s.o.j.p.SpringPersistenceUnitInfo      : No LoadTimeWeaver setup: ignoring JPA class transformer
2025-10-29T00:23:34.757+06:00  INFO 25812 --- [Jugjiggasha] [main] com.zaxxer.hikari.HikariDataSource       : HikariPool-1 - Starting...
2025-10-29T00:23:41.466+06:00  INFO 25812 --- [Jugjiggasha] [main] com.zaxxer.hikari.pool.HikariPool        : HikariPool-1 - Added connection com.mysql.cj.jdbc.ConnectionImpl@2acca224
2025-10-29T00:23:41.476+06:00  INFO 25812 --- [Jugjiggasha] [main] com.zaxxer.hikari.HikariDataSource       : HikariPool-1 - Start completed.
2025-10-29T00:23:41.831+06:00  WARN 25812 --- [Jugjiggasha] [main] o.h.e.j.e.i.JdbcEnvironmentInitiator     : HHH000339: Could not obtain connection metadata: java.sql.SQLSyntaxErrorException: Unknown column 'RESERVED' in 'WHERE'
2025-10-29T00:23:41.863+06:00  WARN 25812 --- [Jugjiggasha] [main] org.hibernate.orm.deprecation            : HHH90000025: MySQL8Dialect does not need to be specified explicitly using 'hibernate.dialect' (remove the property setting and it will be selected by default)
2025-10-29T00:23:41.865+06:00  WARN 25812 --- [Jugjiggasha] [main] org.hibernate.orm.deprecation            : HHH90000026: MySQL8Dialect has been deprecated; use org.hibernate.dialect.MySQLDialect instead
2025-10-29T00:23:41.891+06:00  INFO 25812 --- [Jugjiggasha] [main] org.hibernate.orm.connections.pooling    : HHH10001005: Database info:
	Database JDBC URL [Connecting through datasource 'HikariDataSource (HikariPool-1)']
	Database driver: undefined/unknown
	Database version: 8.0
	Autocommit mode: undefined/unknown
	Isolation level: undefined/unknown
	Minimum pool size: undefined/unknown
	Maximum pool size: undefined/unknown
2025-10-29T00:23:43.584+06:00  INFO 25812 --- [Jugjiggasha] [main] o.h.e.t.j.p.i.JtaPlatformInitiator       : HHH000489: No JTA platform available (set 'hibernate.transaction.jta.platform' to enable JTA platform integration)
2025-10-29T00:23:55.724+06:00  INFO 25812 --- [Jugjiggasha] [main] j.LocalContainerEntityManagerFactoryBean : Initialized JPA EntityManagerFactory for persistence unit 'default'
2025-10-29T00:23:56.325+06:00  INFO 25812 --- [Jugjiggasha] [main] o.s.d.j.r.query.QueryEnhancerFactory     : Hibernate is in classpath; If applicable, HQL parser will be used.
2025-10-29T00:23:58.194+06:00  WARN 25812 --- [Jugjiggasha] [main] JpaBaseConfiguration$JpaWebConfiguration : spring.jpa.open-in-view is enabled by default. Therefore, database queries may be performed during view rendering. Explicitly configure spring.jpa.open-in-view to disable this warning
2025-10-29T00:23:58.935+06:00  INFO 25812 --- [Jugjiggasha] [main] c.j.JugjiggashaApplicationTests          : Started JugjiggashaApplicationTests in 28.866 seconds (process running for 30.953)
2025-10-29T00:23:59.905+06:00  INFO 25812 --- [Jugjiggasha] [SpringApplicationShutdownHook] j.LocalContainerEntityManagerFactoryBean : Closing JPA EntityManagerFactory for persistence unit 'default'
2025-10-29T00:23:59.910+06:00  INFO 25812 --- [Jugjiggasha] [SpringApplicationShutdownHook] com.zaxxer.hikari.HikariDataSource       : HikariPool-1 - Shutdown initiated...
2025-10-29T00:23:59.919+06:00  INFO 25812 --- [Jugjiggasha] [SpringApplicationShutdownHook] com.zaxxer.hikari.HikariDataSource       : HikariPool-1 - Shutdown completed.
